\BOOKMARK [1][-]{section.1}{Introduction}{}% 1
\BOOKMARK [1][-]{section.2}{Some Catchup}{}% 2
\BOOKMARK [2][-]{subsection.2.1}{Modifiers and Qualifiers}{section.2}% 3
\BOOKMARK [2][-]{subsection.2.2}{Casting}{section.2}% 4
\BOOKMARK [2][-]{subsection.2.3}{Evaluation}{section.2}% 5
\BOOKMARK [2][-]{subsection.2.4}{Enumeration}{section.2}% 6
\BOOKMARK [2][-]{subsection.2.5}{Namespace}{section.2}% 7
\BOOKMARK [2][-]{subsection.2.6}{Function Overloading}{section.2}% 8
\BOOKMARK [2][-]{subsection.2.7}{Default Arguments}{section.2}% 9
\BOOKMARK [1][-]{section.3}{Proto-OPP}{}% 10
\BOOKMARK [2][-]{subsection.3.1}{Methods vs. Functions}{section.3}% 11
\BOOKMARK [2][-]{subsection.3.2}{Structures}{section.3}% 12
\BOOKMARK [1][-]{section.4}{Classes}{}% 13
\BOOKMARK [2][-]{subsection.4.1}{Member Variables}{section.4}% 14
\BOOKMARK [2][-]{subsection.4.2}{Member Functions \(Methods\)}{section.4}% 15
\BOOKMARK [2][-]{subsection.4.3}{Constructors}{section.4}% 16
\BOOKMARK [2][-]{subsection.4.4}{Encapsulation}{section.4}% 17
\BOOKMARK [2][-]{subsection.4.5}{Static Members}{section.4}% 18
\BOOKMARK [2][-]{subsection.4.6}{Nested Classes}{section.4}% 19
\BOOKMARK [2][-]{subsection.4.7}{this}{section.4}% 20
\BOOKMARK [2][-]{subsection.4.8}{Inheritance}{section.4}% 21
\BOOKMARK [3][-]{subsubsection.4.8.1}{Private vs. Protected}{subsection.4.8}% 22
\BOOKMARK [3][-]{subsubsection.4.8.2}{Polymorphism/Virtual Functions}{subsection.4.8}% 23
\BOOKMARK [1][-]{section.5}{Operator Overloading}{}% 24
\BOOKMARK [1][-]{section.6}{Vectors}{}% 25
\BOOKMARK [1][-]{section.7}{Templates}{}% 26
