\BOOKMARK [1][-]{Doc-Start}{Course Overview}{}% 1
\BOOKMARK [1][-]{section.1}{Scraping with Selenium}{}% 2
\BOOKMARK [2][-]{subsection.1.1}{When to Use Web Scraping}{section.1}% 3
\BOOKMARK [3][-]{subsubsection.1.1.1}{Before you Begin}{subsection.1.1}% 4
\BOOKMARK [2][-]{subsection.1.2}{What Makes Up A Website}{section.1}% 5
\BOOKMARK [3][-]{subsubsection.1.2.1}{Using the Chrome Developer tools}{subsection.1.2}% 6
\BOOKMARK [3][-]{subsubsection.1.2.2}{HTML Tags}{subsection.1.2}% 7
\BOOKMARK [3][-]{subsubsection.1.2.3}{CSS Classes}{subsection.1.2}% 8
\BOOKMARK [3][-]{subsubsection.1.2.4}{JavaScript Queries}{subsection.1.2}% 9
\BOOKMARK [3][-]{subsubsection.1.2.5}{CSS Selectors}{subsection.1.2}% 10
\BOOKMARK [3][-]{subsubsection.1.2.6}{XPaths}{subsection.1.2}% 11
\BOOKMARK [2][-]{subsection.1.3}{Using the Selenium Module}{section.1}% 12
\BOOKMARK [3][-]{subsubsection.1.3.1}{Setting Up A WebDriver}{subsection.1.3}% 13
\BOOKMARK [3][-]{subsubsection.1.3.2}{Automating the Browser}{subsection.1.3}% 14
\BOOKMARK [4][-]{subsubsubsection.1.3.2.1}{Debugging with the Console}{subsubsection.1.3.2}% 15
\BOOKMARK [2][-]{subsection.1.4}{Ethics}{section.1}% 16
\BOOKMARK [3][-]{subsubsection.1.4.1}{Using a Headless Browser \(PhantomJS\)}{subsection.1.4}% 17
\BOOKMARK [1][-]{section.2}{Parsing with BeautifulSoup 4}{}% 18
\BOOKMARK [2][-]{subsection.2.1}{Requesting HTML}{section.2}% 19
\BOOKMARK [3][-]{subsubsection.2.1.1}{Requests}{subsection.2.1}% 20
\BOOKMARK [3][-]{subsubsection.2.1.2}{urllib2 preview}{subsection.2.1}% 21
\BOOKMARK [3][-]{subsubsection.2.1.3}{wget}{subsection.2.1}% 22
\BOOKMARK [2][-]{subsection.2.2}{Parsers}{section.2}% 23
\BOOKMARK [2][-]{subsection.2.3}{BeautifulSoup Objects}{section.2}% 24
\BOOKMARK [3][-]{subsubsection.2.3.1}{Tags}{subsection.2.3}% 25
\BOOKMARK [2][-]{subsection.2.4}{BeautifulSoup Queries}{section.2}% 26
\BOOKMARK [3][-]{subsubsection.2.4.1}{Regular Expressions Basics}{subsection.2.4}% 27
\BOOKMARK [2][-]{subsection.2.5}{What to do now}{section.2}% 28
\BOOKMARK [2][-]{subsection.2.6}{Inevitable Roadblocks}{section.2}% 29
\BOOKMARK [3][-]{subsubsection.2.6.1}{Server-side vs. Client-side Websites}{subsection.2.6}% 30
\BOOKMARK [3][-]{subsubsection.2.6.2}{UTF-8 Encoding}{subsection.2.6}% 31
\BOOKMARK [3][-]{subsubsection.2.6.3}{Login Pages}{subsection.2.6}% 32
\BOOKMARK [2][-]{subsection.2.7}{Demo}{section.2}% 33
\BOOKMARK [1][-]{section.3}{Fetching with urlib2 and APIs}{}% 34
\BOOKMARK [2][-]{subsection.3.1}{Bypassing the Browser}{section.3}% 35
\BOOKMARK [3][-]{subsubsection.3.1.1}{When Not to Web Scrape}{subsection.3.1}% 36
\BOOKMARK [3][-]{subsubsection.3.1.2}{URL Query Strings}{subsection.3.1}% 37
\BOOKMARK [3][-]{subsubsection.3.1.3}{JSON}{subsection.3.1}% 38
\BOOKMARK [2][-]{subsection.3.2}{APIs}{section.3}% 39
\BOOKMARK [3][-]{subsubsection.3.2.1}{Simple Example with requests}{subsection.3.2}% 40
\BOOKMARK [3][-]{subsubsection.3.2.2}{More Complicated Example}{subsection.3.2}% 41
\BOOKMARK [2][-]{subsection.3.3}{Why Web Scrape}{section.3}% 42
\BOOKMARK [1][-]{section.4}{Beginning New Projects}{}% 43
\BOOKMARK [2][-]{subsection.4.1}{Responsible Scraping}{section.4}% 44
\BOOKMARK [2][-]{subsection.4.2}{Defining the Goal}{section.4}% 45
\BOOKMARK [2][-]{subsection.4.3}{Identifying the Obstacles}{section.4}% 46
\BOOKMARK [2][-]{subsection.4.4}{Selecting the Right Tool}{section.4}% 47
\BOOKMARK [2][-]{subsection.4.5}{Avoiding Pitfalls}{section.4}% 48
\BOOKMARK [1][-]{section.5}{Example Project Demo}{}% 49
\BOOKMARK [2][-]{subsection.5.1}{Accomplishing our Goal With Selenium}{section.5}% 50
\BOOKMARK [3][-]{subsubsection.5.1.1}{Walkthrough of Process}{subsection.5.1}% 51
\BOOKMARK [3][-]{subsubsection.5.1.2}{Strengths and Limitations}{subsection.5.1}% 52
\BOOKMARK [2][-]{subsection.5.2}{Accomplishing our Goal With BeautifulSoup}{section.5}% 53
\BOOKMARK [3][-]{subsubsection.5.2.1}{Walkthrough of Process}{subsection.5.2}% 54
\BOOKMARK [3][-]{subsubsection.5.2.2}{Strengths and Limitations}{subsection.5.2}% 55
\BOOKMARK [2][-]{subsection.5.3}{Accomplishing our Goal With urllib2}{section.5}% 56
\BOOKMARK [3][-]{subsubsection.5.3.1}{Walkthrough of Process}{subsection.5.3}% 57
\BOOKMARK [3][-]{subsubsection.5.3.2}{Strengths and Limitations}{subsection.5.3}% 58
