This is pdfTeX, Version 3.14159265-2.6-1.40.17 (MiKTeX 2.9 64-bit) (preloaded format=pdflatex 2016.6.20)  9 DEC 2016 15:40
entering extended mode
**"./ELEC 402 Notes.tex"
("ELEC 402 Notes.tex"
LaTeX2e <2016/03/31>
Babel <3.9r> and hyphenation patterns for 75 language(s) loaded.
("C:\Program Files\MiKTeX 2.9\tex\latex\base\article.cls"
Document Class: article 2014/09/29 v1.4h Standard LaTeX document class
("C:\Program Files\MiKTeX 2.9\tex\latex\base\size10.clo"
File: size10.clo 2014/09/29 v1.4h Standard LaTeX file (size option)
)
\c@part=\count79
\c@section=\count80
\c@subsection=\count81
\c@subsubsection=\count82
\c@paragraph=\count83
\c@subparagraph=\count84
\c@figure=\count85
\c@table=\count86
\abovecaptionskip=\skip41
\belowcaptionskip=\skip42
\bibindent=\dimen102
)
("C:\Program Files\MiKTeX 2.9\tex\latex\tools\array.sty"
Package: array 2014/10/28 v2.4c Tabular extension package (FMi)
\col@sep=\dimen103
\extrarowheight=\dimen104
\NC@list=\toks14
\extratabsurround=\skip43
\backup@length=\skip44
)
("C:\Users\Charles Clayton\AppData\Roaming\MiKTeX\2.9\tex\latex\booktabs\bookta
bs.sty"
Package: booktabs 2005/04/14 v1.61803 publication quality tables
\heavyrulewidth=\dimen105
\lightrulewidth=\dimen106
\cmidrulewidth=\dimen107
\belowrulesep=\dimen108
\belowbottomsep=\dimen109
\aboverulesep=\dimen110
\abovetopsep=\dimen111
\cmidrulesep=\dimen112
\cmidrulekern=\dimen113
\defaultaddspace=\dimen114
\@cmidla=\count87
\@cmidlb=\count88
\@aboverulesep=\dimen115
\@belowrulesep=\dimen116
\@thisruleclass=\count89
\@lastruleclass=\count90
\@thisrulewidth=\dimen117
) ("C:\Program Files\MiKTeX 2.9\tex\latex\graphics\graphicx.sty"
Package: graphicx 2014/10/28 v1.0g Enhanced LaTeX Graphics (DPC,SPQR)

("C:\Program Files\MiKTeX 2.9\tex\latex\graphics\keyval.sty"
Package: keyval 2014/10/28 v1.15 key=value parser (DPC)
\KV@toks@=\toks15
)
("C:\Program Files\MiKTeX 2.9\tex\latex\graphics\graphics.sty"
Package: graphics 2016/05/09 v1.0r Standard LaTeX Graphics (DPC,SPQR)

("C:\Program Files\MiKTeX 2.9\tex\latex\graphics\trig.sty"
Package: trig 2016/01/03 v1.10 sin cos tan (DPC)
)
("C:\Program Files\MiKTeX 2.9\tex\latex\00miktex\graphics.cfg"
File: graphics.cfg 2016/01/02 v1.10 sample graphics configuration
)
Package graphics Info: Driver file: pdftex.def on input line 96.

("C:\Program Files\MiKTeX 2.9\tex\latex\pdftex-def\pdftex.def"
File: pdftex.def 2011/05/27 v0.06d Graphics/color for pdfTeX

("C:\Program Files\MiKTeX 2.9\tex\generic\oberdiek\infwarerr.sty"
Package: infwarerr 2016/05/16 v1.4 Providing info/warning/error messages (HO)
)
("C:\Program Files\MiKTeX 2.9\tex\generic\oberdiek\ltxcmds.sty"
Package: ltxcmds 2016/05/16 v1.23 LaTeX kernel commands for general use (HO)
)
\Gread@gobject=\count91
))
\Gin@req@height=\dimen118
\Gin@req@width=\dimen119
)
("C:\Users\Charles Clayton\AppData\Roaming\MiKTeX\2.9\tex\latex\apacite\apacite
.sty"
Package: apacite 2013/07/21 v6.03 APA citation
\c@BibCnt=\count92
\bibleftmargin=\skip45
\bibindent=\skip46
\bibparsep=\skip47
\bibitemsep=\skip48
\biblabelsep=\skip49
)
("C:\Users\Charles Clayton\AppData\Roaming\MiKTeX\2.9\tex\latex\setspace\setspa
ce.sty"
Package: setspace 2011/12/19 v6.7a set line spacing
)
("C:\Users\Charles Clayton\AppData\Roaming\MiKTeX\2.9\tex\latex\appendix\append
ix.sty"
Package: appendix 2009/09/02 v1.2b extra appendix facilities
\c@@pps=\count93
\c@@ppsavesec=\count94
\c@@ppsaveapp=\count95
)
("C:\Users\Charles Clayton\AppData\Roaming\MiKTeX\2.9\tex\latex\glossaries\base
\glossaries.sty"
Package: glossaries 2016/06/09 v4.25 (NLCT)
 ("C:\Program Files\MiKTeX 2.9\tex\latex\base\ifthen.sty"
Package: ifthen 2014/09/29 v1.1c Standard LaTeX ifthen package (DPC)
)
("C:\Program Files\MiKTeX 2.9\tex\latex\xkeyval\xkeyval.sty"
Package: xkeyval 2014/12/03 v2.7a package option processing (HA)

("C:\Program Files\MiKTeX 2.9\tex\generic\xkeyval\xkeyval.tex"
("C:\Program Files\MiKTeX 2.9\tex\generic\xkeyval\xkvutils.tex"
\XKV@toks=\toks16
\XKV@tempa@toks=\toks17
)
\XKV@depth=\count96
File: xkeyval.tex 2014/12/03 v2.7a key=value parser (HA)
))
("C:\Users\Charles Clayton\AppData\Roaming\MiKTeX\2.9\tex\latex\mfirstuc\mfirst
uc.sty"
Package: mfirstuc 2015/12/17 v2.02 (NLCT)

("C:\Users\Charles Clayton\AppData\Roaming\MiKTeX\2.9\tex\latex\etoolbox\etoolb
ox.sty"
Package: etoolbox 2015/08/02 v2.2a e-TeX tools for LaTeX (JAW)
\etb@tempcnta=\count97
)
\@glsmfirst=\toks18
\@glsmrest=\toks19
)
("C:\Users\Charles Clayton\AppData\Roaming\MiKTeX\2.9\tex\latex\textcase\textca
se.sty"
Package: textcase 2004/10/07 v0.07 Text only upper/lower case changing (DPC)
)
("C:\Users\Charles Clayton\AppData\Roaming\MiKTeX\2.9\tex\latex\xfor\xfor.sty"
Package: xfor 2009/02/05 v1.05 (NLCT)
)
("C:\Users\Charles Clayton\AppData\Roaming\MiKTeX\2.9\tex\latex\datatool\datato
ol-base.sty"
Package: datatool-base 2016/01/18 v2.25 (NLCT)
 ("C:\Program Files\MiKTeX 2.9\tex\latex\amsmath\amsmath.sty"
Package: amsmath 2016/03/10 v2.15b AMS math features
\@mathmargin=\skip50

For additional information on amsmath, use the `?' option.
("C:\Program Files\MiKTeX 2.9\tex\latex\amsmath\amstext.sty"
Package: amstext 2000/06/29 v2.01 AMS text

("C:\Program Files\MiKTeX 2.9\tex\latex\amsmath\amsgen.sty"
File: amsgen.sty 1999/11/30 v2.0 generic functions
\@emptytoks=\toks20
\ex@=\dimen120
))
("C:\Program Files\MiKTeX 2.9\tex\latex\amsmath\amsbsy.sty"
Package: amsbsy 1999/11/29 v1.2d Bold Symbols
\pmbraise@=\dimen121
)
("C:\Program Files\MiKTeX 2.9\tex\latex\amsmath\amsopn.sty"
Package: amsopn 2016/03/08 v2.02 operator names
)
\inf@bad=\count98
LaTeX Info: Redefining \frac on input line 199.
\uproot@=\count99
\leftroot@=\count100
LaTeX Info: Redefining \overline on input line 297.
\classnum@=\count101
\DOTSCASE@=\count102
LaTeX Info: Redefining \ldots on input line 394.
LaTeX Info: Redefining \dots on input line 397.
LaTeX Info: Redefining \cdots on input line 518.
\Mathstrutbox@=\box26
\strutbox@=\box27
\big@size=\dimen122
LaTeX Font Info:    Redeclaring font encoding OML on input line 634.
LaTeX Font Info:    Redeclaring font encoding OMS on input line 635.
\macc@depth=\count103
\c@MaxMatrixCols=\count104
\dotsspace@=\muskip10
\c@parentequation=\count105
\dspbrk@lvl=\count106
\tag@help=\toks21
\row@=\count107
\column@=\count108
\maxfields@=\count109
\andhelp@=\toks22
\eqnshift@=\dimen123
\alignsep@=\dimen124
\tagshift@=\dimen125
\tagwidth@=\dimen126
\totwidth@=\dimen127
\lineht@=\dimen128
\@envbody=\toks23
\multlinegap=\skip51
\multlinetaggap=\skip52
\mathdisplay@stack=\toks24
LaTeX Info: Redefining \[ on input line 2739.
LaTeX Info: Redefining \] on input line 2740.
)
("C:\Users\Charles Clayton\AppData\Roaming\MiKTeX\2.9\tex\latex\substr\substr.s
ty"
Package: substr 2009/10/20 v1.2 Handle substrings
\c@su@anzahl=\count110
)
("C:\Users\Charles Clayton\AppData\Roaming\MiKTeX\2.9\tex\latex\datatool\datato
ol-fp.sty"
Package: datatool-fp 2016/01/18 v2.25 (NLCT)

("C:\Users\Charles Clayton\AppData\Roaming\MiKTeX\2.9\tex\latex\fp\fp.sty"
Package: fp 1995/04/02

`Fixed Point Package', Version 0.8, April 2, 1995 (C) Michael Mehlich
("C:\Users\Charles Clayton\AppData\Roaming\MiKTeX\2.9\tex\latex\fp\defpattern.s
ty"
Package: defpattern 1994/10/12
\actioncount=\count111
)
("C:\Users\Charles Clayton\AppData\Roaming\MiKTeX\2.9\tex\latex\fp\fp-basic.sty
"
Package: fp-basic 1996/05/13
\FP@xs=\count112
\FP@xia=\count113
\FP@xib=\count114
\FP@xfa=\count115
\FP@xfb=\count116
\FP@rega=\count117
\FP@regb=\count118
\FP@regs=\count119
\FP@times=\count120
)
("C:\Users\Charles Clayton\AppData\Roaming\MiKTeX\2.9\tex\latex\fp\fp-addons.st
y"
Package: fp-addons 1995/03/15
)
("C:\Users\Charles Clayton\AppData\Roaming\MiKTeX\2.9\tex\latex\fp\fp-snap.sty"
Package: fp-snap 1995/04/05
) ("C:\Users\Charles Clayton\AppData\Roaming\MiKTeX\2.9\tex\latex\fp\fp-exp.sty
"
Package: fp-exp 1995/04/03
)
("C:\Users\Charles Clayton\AppData\Roaming\MiKTeX\2.9\tex\latex\fp\fp-trigo.sty
"
Package: fp-trigo 1995/04/14
) ("C:\Users\Charles Clayton\AppData\Roaming\MiKTeX\2.9\tex\latex\fp\fp-pas.sty
"
Package: fp-pas 1994/08/29
)
("C:\Users\Charles Clayton\AppData\Roaming\MiKTeX\2.9\tex\latex\fp\fp-random.st
y"
Package: fp-random 1995/02/23
\FPseed=\count121
)
("C:\Users\Charles Clayton\AppData\Roaming\MiKTeX\2.9\tex\latex\fp\fp-eqn.sty"
Package: fp-eqn 1995/04/03
) ("C:\Users\Charles Clayton\AppData\Roaming\MiKTeX\2.9\tex\latex\fp\fp-upn.sty
"
Package: fp-upn 1996/10/21
) ("C:\Users\Charles Clayton\AppData\Roaming\MiKTeX\2.9\tex\latex\fp\fp-eval.st
y"
Package: fp-eval 1995/04/03
)))
\@dtl@toks=\toks25
\@dtl@tmpcount=\count122
\dtl@tmplength=\skip53
\dtl@sortresult=\count123
\@dtl@numgrpsepcount=\count124
\@dtl@datatype=\count125
\dtl@codeA=\count126
\dtl@codeB=\count127
\@dtl@foreach@level=\count128
)
("C:\Users\Charles Clayton\AppData\Roaming\MiKTeX\2.9\tex\latex\glossaries\base
\glossaries-compatible-307.sty"
Package: glossaries-compatible-307 2016/06/09 v4.25 (NLCT)
)
\gls@level=\count129
\@gls@tmpb=\toks26
\gls@tmplen=\skip54
\glskeylisttok=\toks27
\glslabeltok=\toks28
\glsshorttok=\toks29
\glslongtok=\toks30

("C:\Users\Charles Clayton\AppData\Roaming\MiKTeX\2.9\tex\latex\glossaries\styl
es\glossary-hypernav.sty"
Package: glossary-hypernav 2016/06/09 v4.25 (NLCT)
)
("C:\Users\Charles Clayton\AppData\Roaming\MiKTeX\2.9\tex\latex\glossaries\styl
es\glossary-list.sty"
Package: glossary-list 2016/06/09 v4.25 (NLCT)
\glslistdottedwidth=\skip55
)
("C:\Users\Charles Clayton\AppData\Roaming\MiKTeX\2.9\tex\latex\glossaries\styl
es\glossary-long.sty"
Package: glossary-long 2016/06/09 v4.25 (NLCT)

("C:\Program Files\MiKTeX 2.9\tex\latex\tools\longtable.sty"
Package: longtable 2014/10/28 v4.11 Multi-page Table package (DPC)
\LTleft=\skip56
\LTright=\skip57
\LTpre=\skip58
\LTpost=\skip59
\LTchunksize=\count130
\LTcapwidth=\dimen129
\LT@head=\box28
\LT@firsthead=\box29
\LT@foot=\box30
\LT@lastfoot=\box31
\LT@cols=\count131
\LT@rows=\count132
\c@LT@tables=\count133
\c@LT@chunks=\count134
\LT@p@ftn=\toks31
)
\glsdescwidth=\skip60
\glspagelistwidth=\skip61
)
("C:\Users\Charles Clayton\AppData\Roaming\MiKTeX\2.9\tex\latex\glossaries\styl
es\glossary-super.sty"
Package: glossary-super 2016/06/09 v4.25 (NLCT)

("C:\Users\Charles Clayton\AppData\Roaming\MiKTeX\2.9\tex\latex\supertabular\su
pertabular.sty"
Package: supertabular 2004/02/20 v4.1e the supertabular environment
\c@tracingst=\count135
\ST@wd=\dimen130
\ST@rightskip=\skip62
\ST@leftskip=\skip63
\ST@parfillskip=\skip64
\ST@pageleft=\dimen131
\ST@headht=\dimen132
\ST@tailht=\dimen133
\ST@pagesofar=\dimen134
\ST@pboxht=\dimen135
\ST@lineht=\dimen136
\ST@stretchht=\dimen137
\ST@prevht=\dimen138
\ST@toadd=\dimen139
\ST@dimen=\dimen140
\ST@pbox=\box32
))
("C:\Users\Charles Clayton\AppData\Roaming\MiKTeX\2.9\tex\latex\glossaries\styl
es\glossary-tree.sty"
Package: glossary-tree 2016/06/09 v4.25 (NLCT)
\glstreeindent=\skip65
))
("C:\Users\Charles Clayton\AppData\Roaming\MiKTeX\2.9\tex\latex\tocloft\tocloft
.sty"
Package: tocloft 2013/05/02 v2.3f parameterised ToC, etc., typesetting
Package tocloft Info: The document has section divisions on input line 44.
\cftparskip=\skip66
\cftbeforetoctitleskip=\skip67
\cftaftertoctitleskip=\skip68
\cftbeforepartskip=\skip69
\cftpartnumwidth=\skip70
\cftpartindent=\skip71
\cftbeforesecskip=\skip72
\cftsecindent=\skip73
\cftsecnumwidth=\skip74
\cftbeforesubsecskip=\skip75
\cftsubsecindent=\skip76
\cftsubsecnumwidth=\skip77
\cftbeforesubsubsecskip=\skip78
\cftsubsubsecindent=\skip79
\cftsubsubsecnumwidth=\skip80
\cftbeforeparaskip=\skip81
\cftparaindent=\skip82
\cftparanumwidth=\skip83
\cftbeforesubparaskip=\skip84
\cftsubparaindent=\skip85
\cftsubparanumwidth=\skip86
\cftbeforeloftitleskip=\skip87
\cftafterloftitleskip=\skip88
\cftbeforefigskip=\skip89
\cftfigindent=\skip90
\cftfignumwidth=\skip91
\c@lofdepth=\count136
\c@lotdepth=\count137
\cftbeforelottitleskip=\skip92
\cftafterlottitleskip=\skip93
\cftbeforetabskip=\skip94
\cfttabindent=\skip95
\cfttabnumwidth=\skip96
)
("C:\Users\Charles Clayton\AppData\Roaming\MiKTeX\2.9\tex\latex\titlesec\titles
ec.sty"
Package: titlesec 2016/03/21 v2.10.2 Sectioning titles
\ttl@box=\box33
\beforetitleunit=\skip97
\aftertitleunit=\skip98
\ttl@plus=\dimen141
\ttl@minus=\dimen142
\ttl@toksa=\toks32
\titlewidth=\dimen143
\titlewidthlast=\dimen144
\titlewidthfirst=\dimen145
) ("C:\Program Files\MiKTeX 2.9\tex\latex\float\float.sty"
Package: float 2001/11/08 v1.3d Float enhancements (AL)
\c@float@type=\count138
\float@exts=\toks33
\float@box=\box34
\@float@everytoks=\toks34
\@floatcapt=\box35
)
("C:\Users\Charles Clayton\AppData\Roaming\MiKTeX\2.9\tex\latex\csquotes\csquot
es.sty"
Package: csquotes 2016/07/14 v5.1h context-sensitive quotations (JAW)
\csq@reset=\count139
\csq@gtype=\count140
\csq@glevel=\count141
\csq@qlevel=\count142
\csq@maxlvl=\count143
\csq@tshold=\count144
\csq@ltx@everypar=\toks35

("C:\Users\Charles Clayton\AppData\Roaming\MiKTeX\2.9\tex\latex\csquotes\csquot
es.def"
File: csquotes.def 2016/07/14 v5.1h csquotes generic definitions (JAW)
)
Package csquotes Info: Trying to load configuration file 'csquotes.cfg'...
Package csquotes Info: ... configuration file loaded successfully.

("C:\Users\Charles Clayton\AppData\Roaming\MiKTeX\2.9\tex\latex\csquotes\csquot
es.cfg"
File: csquotes.cfg 
)
Package csquotes Info: Enabling multilingual quotes.
Package csquotes Info: Redefining alias 'english' -> 'english/american'.
)
Package csquotes Info: Allocating character ".
\c@myequations=\count145
\cftbeforemyequationsskip=\skip99
\cftmyequationsindent=\skip100
\cftmyequationsnumwidth=\skip101
\c@equdepth=\count146
\cftbeforeequtitleskip=\skip102
\cftafterequtitleskip=\skip103
Package csquotes Info: Checking for multilingual support...
Package csquotes Info: ... none found.


Package csquotes Warning: No multilingual support.
(csquotes)                Cannot enable multilingual quotes on input line 65.

("ELEC 402 Notes.aux"

LaTeX Warning: Label `C2MOS' multiply defined.


LaTeX Warning: Label `C2MOS' multiply defined.

)
\openout1 = `"ELEC 402 Notes.aux"'.

LaTeX Font Info:    Checking defaults for OML/cmm/m/it on input line 65.
LaTeX Font Info:    ... okay on input line 65.
LaTeX Font Info:    Checking defaults for T1/cmr/m/n on input line 65.
LaTeX Font Info:    ... okay on input line 65.
LaTeX Font Info:    Checking defaults for OT1/cmr/m/n on input line 65.
LaTeX Font Info:    ... okay on input line 65.
LaTeX Font Info:    Checking defaults for OMS/cmsy/m/n on input line 65.
LaTeX Font Info:    ... okay on input line 65.
LaTeX Font Info:    Checking defaults for OMX/cmex/m/n on input line 65.
LaTeX Font Info:    ... okay on input line 65.
LaTeX Font Info:    Checking defaults for U/cmr/m/n on input line 65.
LaTeX Font Info:    ... okay on input line 65.

("C:\Users\Charles Clayton\AppData\Roaming\MiKTeX\2.9\tex\context\base\supp-pdf
.mkii"
[Loading MPS to PDF converter (version 2006.09.02).]
\scratchcounter=\count147
\scratchdimen=\dimen146
\scratchbox=\box36
\nofMPsegments=\count148
\nofMParguments=\count149
\everyMPshowfont=\toks36
\MPscratchCnt=\count150
\MPscratchDim=\dimen147
\MPnumerator=\count151
\makeMPintoPDFobject=\count152
\everyMPtoPDFconversion=\toks37
) ("C:\Program Files\MiKTeX 2.9\tex\generic\oberdiek\pdftexcmds.sty"
Package: pdftexcmds 2016/05/21 v0.22 Utility functions of pdfTeX for LuaTeX (HO
)

("C:\Program Files\MiKTeX 2.9\tex\generic\oberdiek\ifluatex.sty"
Package: ifluatex 2016/05/16 v1.4 Provides the ifluatex switch (HO)
Package ifluatex Info: LuaTeX not detected.
)
("C:\Program Files\MiKTeX 2.9\tex\generic\oberdiek\ifpdf.sty"
Package: ifpdf 2016/05/14 v3.1 Provides the ifpdf switch
)
Package pdftexcmds Info: LuaTeX not detected.
Package pdftexcmds Info: \pdf@primitive is available.
Package pdftexcmds Info: \pdf@ifprimitive is available.
Package pdftexcmds Info: \pdfdraftmode found.
)
("C:\Program Files\MiKTeX 2.9\tex\latex\oberdiek\epstopdf-base.sty"
Package: epstopdf-base 2016/05/15 v2.6 Base part for package epstopdf

("C:\Program Files\MiKTeX 2.9\tex\latex\oberdiek\grfext.sty"
Package: grfext 2016/05/16 v1.2 Manage graphics extensions (HO)

("C:\Program Files\MiKTeX 2.9\tex\generic\oberdiek\kvdefinekeys.sty"
Package: kvdefinekeys 2016/05/16 v1.4 Define keys (HO)
))
("C:\Program Files\MiKTeX 2.9\tex\latex\oberdiek\kvoptions.sty"
Package: kvoptions 2016/05/16 v3.12 Key value format for package options (HO)

("C:\Program Files\MiKTeX 2.9\tex\generic\oberdiek\kvsetkeys.sty"
Package: kvsetkeys 2016/05/16 v1.17 Key value parser (HO)

("C:\Program Files\MiKTeX 2.9\tex\generic\oberdiek\etexcmds.sty"
Package: etexcmds 2016/05/16 v1.6 Avoid name clashes with e-TeX commands (HO)
Package etexcmds Info: Could not find \expanded.
(etexcmds)             That can mean that you are not using pdfTeX 1.50 or
(etexcmds)             that some package has redefined \expanded.
(etexcmds)             In the latter case, load this package earlier.
)))
Package grfext Info: Graphics extension search list:
(grfext)             [.png,.pdf,.jpg,.mps,.jpeg,.jbig2,.jb2,.PNG,.PDF,.JPG,.JPE
G,.JBIG2,.JB2,.eps]
(grfext)             \AppendGraphicsExtensions on input line 456.
)
\c@maskedRefs=\count153

("C:\Users\Charles Clayton\AppData\Roaming\MiKTeX\2.9\tex\latex\apacite\english
.apc"
File: english.apc 2013/07/21 v6.03 apacite language file
LaTeX Info: Redefining \BPBI on input line 129.
LaTeX Info: Redefining \BHBI on input line 130.
)
Package csquotes Info: Making character " active on input line 65.
 [0

{C:/Users/Charles Clayton/AppData/Local/MiKTeX/2.9/pdftex/config/pdftex.map}] (
"ELEC 402 Notes.toc" [1] [2])
\tf@toc=\write3
\openout3 = `"ELEC 402 Notes.toc"'.

 [3] ("ELEC 402 Notes.lof" [4])
\tf@lof=\write4
\openout4 = `"ELEC 402 Notes.lof"'.


("ELEC 402 Notes.lot")
\tf@lot=\write5
\openout5 = `"ELEC 402 Notes.lot"'.

 ("ELEC 402 Notes.equ" [5])
\tf@equ=\write6
\openout6 = `"ELEC 402 Notes.equ"'.

 [6]

Package glossaries Warning: Empty glossary for \printnoidxglossary[type={main}]
. Rerun may be required (or you may have forgotten to use commands like \gls) o
n input line 97.

[1] [2] <mos.png, id=40, 435.87843pt x 141.52875pt>
File: mos.png Graphic file (type png)
 <use mos.png>
Package pdftex.def Info: mos.png used on input line 166.
(pdftex.def)             Requested size: 199.16928pt x 64.66994pt.
 [3 <./mos.png>] <mos2.png, id=47, 435.87843pt x 150.1861pt>
File: mos2.png Graphic file (type png)
 <use mos2.png>
Package pdftex.def Info: mos2.png used on input line 174.
(pdftex.def)             Requested size: 199.16928pt x 68.62581pt.

<mos3.png, id=48, 435.87843pt x 138.5175pt>
File: mos3.png Graphic file (type png)
 <use mos3.png>
Package pdftex.def Info: mos3.png used on input line 183.
(pdftex.def)             Requested size: 199.16928pt x 63.29398pt.

<NMOS.png, id=49, 303.00703pt x 156.20859pt>
File: NMOS.png Graphic file (type png)
 <use NMOS.png>
Package pdftex.def Info: NMOS.png used on input line 199.
(pdftex.def)             Requested size: 170.71652pt x 88.01012pt.
 [4 <./mos2.png> <./mos3.png>] [5 <./NMOS.png>] <SquareLaw.png, id=57, 335.0015
6pt x 298.49016pt>
File: SquareLaw.png Graphic file (type png)

<use SquareLaw.png>
Package pdftex.def Info: SquareLaw.png used on input line 247.
(pdftex.def)             Requested size: 170.71652pt x 152.10953pt.
 [6 <./SquareLaw.png>] [7]
<pMOS.png, id=66, 442.65375pt x 226.22015pt>
File: pMOS.png Graphic file (type png)
 <use pMOS.png>
Package pdftex.def Info: pMOS.png used on input line 314.
(pdftex.def)             Requested size: 170.71652pt x 87.24518pt.
 [8 <./pMOS.png>]
<Length.png, id=70, 247.2989pt x 284.56313pt>
File: Length.png Graphic file (type png)
 <use Length.png>
Package pdftex.def Info: Length.png used on input line 352.
(pdftex.def)             Requested size: 170.71652pt x 196.43994pt.

<Diffusion.png, id=71, 413.29407pt x 306.01828pt>
File: Diffusion.png Graphic file (type png)
 <use Diffusion.png>
Package pdftex.def Info: Diffusion.png used on input line 365.
(pdftex.def)             Requested size: 227.62204pt x 168.54404pt.
 [9]
[10 <./Length.png> <./Diffusion.png>]
<GateCapacitance.png, id=78, 332.74312pt x 255.57985pt>
File: GateCapacitance.png Graphic file (type png)

<use GateCapacitance.png>
Package pdftex.def Info: GateCapacitance.png used on input line 390.
(pdftex.def)             Requested size: 170.71652pt x 131.12785pt.
 [11 <./GateCapacitance.png>] [12]
<Signals.png, id=86, 555.19922pt x 255.95625pt>
File: Signals.png Graphic file (type png)
 <use Signals.png>
Package pdftex.def Info: Signals.png used on input line 426.
(pdftex.def)             Requested size: 284.52756pt x 131.17256pt.
LaTeX Font Info:    Try loading font information for OMS+cmr on input line 433.


("C:\Program Files\MiKTeX 2.9\tex\latex\base\omscmr.fd"
File: omscmr.fd 2014/09/29 v2.5h Standard LaTeX font definitions
)
LaTeX Font Info:    Font shape `OMS/cmr/m/n' in size <9> not available
(Font)              Font shape `OMS/cmsy/m/n' tried instead on input line 433.
 [13 <./Signals.png>]
<Inverter.png, id=98, 161.85469pt x 255.95625pt>
File: Inverter.png Graphic file (type png)
 <use Inverter.png>
Package pdftex.def Info: Inverter.png used on input line 498.
(pdftex.def)             Requested size: 56.9055pt x 89.9883pt.

<nPass.png, id=99, 396.7322pt x 255.95625pt>
File: nPass.png Graphic file (type png)
 <use nPass.png>
Package pdftex.def Info: nPass.png used on input line 516.
(pdftex.def)             Requested size: 170.71652pt x 110.14105pt.
 [14 <./Inverter.png>] <nPass1.png, id=103, 310.91156pt x 195.73125pt>
File: nPass1.png Graphic file (type png)
 <use nPass1.png>
Package pdftex.def Info: nPass1.png used on input line 536.
(pdftex.def)             Requested size: 170.71652pt x 107.47331pt.
 [15 <./nPass.png> <./nPass1.png>]
File: Inverter.png Graphic file (type png)
 <use Inverter.png>
Package pdftex.def Info: Inverter.png used on input line 562.
(pdftex.def)             Requested size: 79.66771pt x 125.98596pt.
 [16]
<InverterIV.png, id=110, 809.64984pt x 223.20891pt>
File: InverterIV.png Graphic file (type png)
 <use InverterIV.png>
Package pdftex.def Info: InverterIV.png used on input line 572.
(pdftex.def)             Requested size: 369.88582pt x 101.9723pt.

Overfull \hbox (24.88582pt too wide) in paragraph at lines 572--573
 [][] 
 []

<IV.png, id=111, 714.04266pt x 307.1475pt>
File: IV.png Graphic file (type png)
 <use IV.png>
Package pdftex.def Info: IV.png used on input line 582.
(pdftex.def)             Requested size: 256.0748pt x 110.1512pt.
 [17 <./InverterIV.png> <./IV.png>] <skew.png, id=116, 333.87234pt x 255.95625p
t>
File: skew.png Graphic file (type png)
 <use skew.png>
Package pdftex.def Info: skew.png used on input line 612.
(pdftex.def)             Requested size: 142.26378pt x 109.06702pt.

[18 <./skew.png>] <NM.png, id=121, 582.67688pt x 249.18094pt>
File: NM.png Graphic file (type png)
 <use NM.png>
Package pdftex.def Info: NM.png used on input line 648.
(pdftex.def)             Requested size: 256.0748pt x 109.51067pt.

<NoiseMargin.png, id=122, 341.77687pt x 341.40047pt>
File: NoiseMargin.png Graphic file (type png)
 <use NoiseMargin.png>
Package pdftex.def Info: NoiseMargin.png used on input line 656.
(pdftex.def)             Requested size: 142.26378pt x 142.11092pt.

[19 <./NM.png> <./NoiseMargin.png>]
<Delay.png, id=126, 352.31625pt x 309.78235pt>
File: Delay.png Graphic file (type png)
 <use Delay.png>
Package pdftex.def Info: Delay.png used on input line 668.
(pdftex.def)             Requested size: 170.71652pt x 150.10718pt.
 [20 <./Delay.png>] <CMOS.png, id=130, 362.85562pt x 251.43938pt>
File: CMOS.png Graphic file (type png)
 <use CMOS.png>
Package pdftex.def Info: CMOS.png used on input line 692.
(pdftex.def)             Requested size: 170.71652pt x 118.29929pt.

<NAND2.png, id=131, 708.77296pt x 316.55766pt>
File: NAND2.png Graphic file (type png)
 <use NAND2.png>
Package pdftex.def Info: NAND2.png used on input line 708.
(pdftex.def)             Requested size: 284.52756pt x 127.0797pt.
 [21 <./CMOS.png>] <Capacitors.png, id=135, 451.6875pt x 325.96782pt>
File: Capacitors.png Graphic file (type png)
 <use Capacitors.png>
Package pdftex.def Info: Capacitors.png used on input line 732.
(pdftex.def)             Requested size: 227.62204pt x 164.27173pt.

[22 <./NAND2.png> <./Capacitors.png>]
<Sizing.png, id=140, 961.34157pt x 395.22656pt>
File: Sizing.png Graphic file (type png)
 <use Sizing.png>
Package pdftex.def Info: Sizing.png used on input line 754.
(pdftex.def)             Requested size: 284.52756pt x 116.97678pt.
 [23 <./Sizing.png>] <Sizing2.png, id=144, 383.18156pt x 325.96782pt>
File: Sizing2.png Graphic file (type png)
 <use Sizing2.png>
Package pdftex.def Info: Sizing2.png used on input line 764.
(pdftex.def)             Requested size: 256.0748pt x 217.85017pt.

[24 <./Sizing2.png>] <nMOSeq.png, id=149, 931.22906pt x 311.66437pt>
File: nMOSeq.png Graphic file (type png)

<use nMOSeq.png>
Package pdftex.def Info: nMOSeq.png used on input line 784.
(pdftex.def)             Requested size: 341.43306pt x 114.26778pt.
 <elmore.png, id=150, 448.67625pt x 1297.84875pt>
File: elmore.png Graphic file (type png)

<use elmore.png>
Package pdftex.def Info: elmore.png used on input line 800.
(pdftex.def)             Requested size: 156.49014pt x 452.64978pt.

Underfull \hbox (badness 10000) in paragraph at lines 805--806

 []


Underfull \hbox (badness 10000) in paragraph at lines 808--810

 []


Underfull \hbox (badness 1184) in paragraph at lines 811--813
[]\OT1/cmr/m/n/10 First, sub-sti-tute all the nMOS and
 []


Underfull \hbox (badness 4048) in paragraph at lines 811--813
\OT1/cmr/m/n/10 The ca-pac-i-tance is al-ways di-rectly
 []


Underfull \hbox (badness 10000) in paragraph at lines 811--813

 []


Underfull \hbox (badness 10000) in paragraph at lines 814--816

 []


Underfull \hbox (badness 10000) in paragraph at lines 817--819

 []

LaTeX Font Info:    Font shape `OMS/cmr/m/n' in size <10> not available
(Font)              Font shape `OMS/cmsy/m/n' tried instead on input line 823.

Underfull \hbox (badness 1436) in paragraph at lines 827--829
[]\OT1/cmr/m/n/10 Finally, we can look at the worst-
 []


Underfull \hbox (badness 10000) in paragraph at lines 827--829

 []


Overfull \hbox (17.22221pt too wide) in paragraph at lines 798--833
[]$[]$  $[]$ 
 []

[25 <./nMOSeq.png>]
Overfull \vbox (9.88889pt too high) has occurred while \output is active []


[26 <./elmore.png>] [27] <fab1.png, id=160, 363.23203pt x 77.53969pt>
File: fab1.png Graphic file (type png)

<use fab1.png>
Package pdftex.def Info: fab1.png used on input line 886.
(pdftex.def)             Requested size: 199.16928pt x 42.51797pt.
 [28 <./fab1.png>] <STD.png, id=164, 437.38406pt x 405.76593pt>
File: STD.png Graphic file (type png)

<use STD.png>
Package pdftex.def Info: STD.png used on input line 910.
(pdftex.def)             Requested size: 142.26378pt x 131.97762pt.
 <lyt.png, id=165, 694.84593pt x 526.96875pt>
File: lyt.png Graphic file (type png)
 <use lyt.png>
Package pdftex.def Info: lyt.png used on input line 925.
(pdftex.def)             Requested size: 199.16928pt x 151.04802pt.

[29 <./STD.png>] <OAI3.png, id=169, 284.56313pt x 767.86874pt>
File: OAI3.png Graphic file (type png)
 <use OAI3.png>
Package pdftex.def Info: OAI3.png used on input line 939.
(pdftex.def)             Requested size: 156.49014pt x 422.29396pt.

Underfull \hbox (badness 10000) in paragraph at lines 944--945

 []


Underfull \hbox (badness 10000) in paragraph at lines 946--948

 []


Underfull \hbox (badness 10000) in paragraph at lines 949--951

 []


Underfull \hbox (badness 1603) in paragraph at lines 952--954
[]\OT1/cmr/m/n/10 To fab-ri-cate our stick di-a-gram, we
 []


Underfull \hbox (badness 10000) in paragraph at lines 952--954

 []


Underfull \hbox (badness 10000) in paragraph at lines 955--957

 []


Underfull \hbox (badness 10000) in paragraph at lines 958--960

 []


Overfull \hbox (17.22221pt too wide) in paragraph at lines 937--965
[]$[]$  $[]$ 
 []

[30 <./lyt.png>] [31 <./OAI3.png>]
<stick2.png, id=179, 686.565pt x 460.72125pt>
File: stick2.png Graphic file (type png)
 <use stick2.png>
Package pdftex.def Info: stick2.png used on input line 977.
(pdftex.def)             Requested size: 284.52756pt x 190.9286pt.
 [32 <./stick2.png>] [33] <Pseudo.png, id=186, 612.03656pt x 185.56828pt>
File: Pseudo.png Graphic file (type png)
 <use Pseudo.png>
Package pdftex.def Info: Pseudo.png used on input line 1031.
(pdftex.def)             Requested size: 284.52756pt x 86.26852pt.

[34 <./Pseudo.png>] <Unfooted.png, id=190, 245.41687pt x 71.8936pt>
File: Unfooted.png Graphic file (type png)

<use Unfooted.png>
Package pdftex.def Info: Unfooted.png used on input line 1049.
(pdftex.def)             Requested size: 284.52756pt x 83.35384pt.
 <Footed.png, id=191, 252.945pt x 81.30376pt>
File: Footed.png Graphic file (type png)

<use Footed.png>
Package pdftex.def Info: Footed.png used on input line 1059.
(pdftex.def)             Requested size: 284.52756pt x 91.45656pt.
 [35 <./Unfooted.png> <./Footed.png>]
<keeper.png, id=197, 341.40047pt x 202.50656pt>
File: keeper.png Graphic file (type png)
 <use keeper.png>
Package pdftex.def Info: keeper.png used on input line 1071.
(pdftex.def)             Requested size: 142.26378pt x 84.38782pt.

<Mono.png, id=198, 433.9964pt x 208.52907pt>
File: Mono.png Graphic file (type png)
 <use Mono.png>
Package pdftex.def Info: Mono.png used on input line 1084.
(pdftex.def)             Requested size: 284.52756pt x 136.71957pt.

Overfull \hbox (13.7506pt too wide) in paragraph at lines 1092--1093
[]\OT1/cmr/m/n/10 For this rea-son, dy-namic gates can-not drive one-another, b
e-cause they precharge
 []

[36 <./keeper.png>] <domino.png, id=203, 423.08063pt x 295.1025pt>
File: domino.png Graphic file (type png)

<use domino.png>
Package pdftex.def Info: domino.png used on input line 1103.
(pdftex.def)             Requested size: 142.26378pt x 99.2303pt.

Overfull \hbox (37.27846pt too wide) in paragraph at lines 1109--1110
[]\OT1/cmr/m/n/10 This means that falling out-puts from the dy-namic gate due t
o the precharge/discharge
 []

[37 <./Mono.png> <./domino.png>]
<trans.png, id=207, 572.89032pt x 338.01282pt>
File: trans.png Graphic file (type png)
 <use trans.png>
Package pdftex.def Info: trans.png used on input line 1127.
(pdftex.def)             Requested size: 312.9803pt x 184.66461pt.
 [38 <./trans.png>]
Overfull \hbox (1.4172pt too wide) in paragraph at lines 1136--1137
[]\OT1/cmr/m/n/10 Although there are some pos-si-ble ben-e-fits to pass-transis
tor logic over CMOS,
 []

<seq.png, id=211, 1027.21266pt x 207.77625pt>
File: seq.png Graphic file (type png)
 <use seq.png>
Package pdftex.def Info: seq.png used on input line 1148.
(pdftex.def)             Requested size: 312.9803pt x 63.30666pt.
 [39 <./seq.png>]
<latchff.png, id=215, 436.25484pt x 182.93344pt>
File: latchff.png Graphic file (type png)
 <use latchff.png>
Package pdftex.def Info: latchff.png used on input line 1161.
(pdftex.def)             Requested size: 256.0748pt x 107.37988pt.

<StaticLatch.png, id=216, 635.37375pt x 159.59625pt>
File: StaticLatch.png Graphic file (type png)
 <use StaticLatch.png>
Package pdftex.def Info: StaticLatch.png used on input line 1177.
(pdftex.def)             Requested size: 256.0748pt x 64.3244pt.

[40 <./latchff.png>] <StaticLatches.png, id=220, 686.1886pt x 173.52328pt>
File: StaticLatches.png Graphic file (type png)

<use StaticLatches.png>
Package pdftex.def Info: StaticLatches.png used on input line 1196.
(pdftex.def)             Requested size: 312.9803pt x 79.14914pt.
 [41 <./StaticLatch.png> <./StaticLatches.png>]
<C2MOS.png, id=226, 998.22937pt x 374.14781pt>
File: C2MOS.png Graphic file (type png)
 <use C2MOS.png>
Package pdftex.def Info: C2MOS.png used on input line 1212.
(pdftex.def)             Requested size: 256.0748pt x 95.98018pt.

<TransmissionGate.png, id=227, 833.36343pt x 402.00188pt>
File: TransmissionGate.png Graphic file (type png)

<use TransmissionGate.png>
Package pdftex.def Info: TransmissionGate.png used on input line 1223.
(pdftex.def)             Requested size: 227.62204pt x 109.79942pt.
 [42 <./C2MOS.png> <./TransmissionGate.png>]
<FF.png, id=233, 841.26797pt x 519.44063pt>
File: FF.png Graphic file (type png)
 <use FF.png>
Package pdftex.def Info: FF.png used on input line 1243.
(pdftex.def)             Requested size: 312.9803pt x 193.2521pt.
 [43 <./FF.png>]
<Reset.png, id=237, 466.74374pt x 316.93407pt>
File: Reset.png Graphic file (type png)
 <use Reset.png>
Package pdftex.def Info: Reset.png used on input line 1258.
(pdftex.def)             Requested size: 284.52756pt x 193.20859pt.

<Enable.png, id=238, 410.65923pt x 178.41656pt>
File: Enable.png Graphic file (type png)
 <use Enable.png>
Package pdftex.def Info: Enable.png used on input line 1270.
(pdftex.def)             Requested size: 284.52756pt x 123.61664pt.
 [44 <./Reset.png>] <Prop.png, id=242, 949.29657pt x 155.83218pt>
File: Prop.png Graphic file (type png)
 <use Prop.png>
Package pdftex.def Info: Prop.png used on input line 1289.
(pdftex.def)             Requested size: 312.9803pt x 51.37721pt.
 [45 <./Enable.png> <./Prop.png>] <Setup.png, id=246, 798.35765pt x 255.57985pt
>
File: Setup.png Graphic file (type png)

<use Setup.png>
Package pdftex.def Info: Setup.png used on input line 1305.
(pdftex.def)             Requested size: 312.9803pt x 100.19441pt.
 <LatchDel.png, id=247, 675.27281pt x 224.71454pt>
File: LatchDel.png Graphic file (type png)

<use LatchDel.png>
Package pdftex.def Info: LatchDel.png used on input line 1315.
(pdftex.def)             Requested size: 312.9803pt x 104.15514pt.
 [46 <./Setup.png> <./LatchDel.png>]
<SetupTime.png, id=251, 866.11078pt x 393.72093pt>
File: SetupTime.png Graphic file (type png)
 <use SetupTime.png>
Package pdftex.def Info: SetupTime.png used on input line 1332.
(pdftex.def)             Requested size: 312.9803pt x 142.27411pt.
 [47 <./SetupTime.png>] <HoldTime.png, id=255, 828.09375pt x 529.60359pt>
File: HoldTime.png Graphic file (type png)

<use HoldTime.png>
Package pdftex.def Info: HoldTime.png used on input line 1354.
(pdftex.def)             Requested size: 312.9803pt x 200.16858pt.
 <Seq1.png, id=256, 541.64859pt x 170.88844pt>
File: Seq1.png Graphic file (type png)

<use Seq1.png>
Package pdftex.def Info: Seq1.png used on input line 1368.
(pdftex.def)             Requested size: 284.52756pt x 89.76991pt.

Overfull \hbox (0.80609pt too wide) in paragraph at lines 1372--1373
[]\OT1/cmr/m/n/10 As dis-cussed in the pre-vi-ous sec-tion, the tim-ing con-str
aints for FF-sequencing
 []

[48 <./HoldTime.png>] <Seq2.png, id=261, 543.53062pt x 182.93344pt>
File: Seq2.png Graphic file (type png)

<use Seq2.png>
Package pdftex.def Info: Seq2.png used on input line 1391.
(pdftex.def)             Requested size: 284.52756pt x 95.76514pt.
 [49 <./Seq1.png> <./Seq2.png>]
<Nonoverlap.png, id=265, 776.9025pt x 258.21469pt>
File: Nonoverlap.png Graphic file (type png)
 <use Nonoverlap.png>
Package pdftex.def Info: Nonoverlap.png used on input line 1415.
(pdftex.def)             Requested size: 312.9803pt x 104.02477pt.

<Seq3.png, id=266, 537.13171pt x 144.54pt>
File: Seq3.png Graphic file (type png)
 <use Seq3.png>
Package pdftex.def Info: Seq3.png used on input line 1427.
(pdftex.def)             Requested size: 284.52756pt x 76.56392pt.
 [50 <./Nonoverlap.png>] <Borrowing.png, id=270, 698.9864pt x 424.58624pt>
File: Borrowing.png Graphic file (type png)
 <use Borrowing.png>
Package pdftex.def Info: Borrowing.png used on input line 1442.
(pdftex.def)             Requested size: 284.52756pt x 172.8311pt.

[51 <./Seq3.png> <./Borrowing.png>]
<WorstSetup.png, id=274, 665.86266pt x 322.20375pt>
File: WorstSetup.png Graphic file (type png)
 <use WorstSetup.png>
Package pdftex.def Info: WorstSetup.png used on input line 1467.
(pdftex.def)             Requested size: 284.52756pt x 137.67961pt.

<WorstHold.png, id=275, 677.53125pt x 412.16484pt>
File: WorstHold.png Graphic file (type png)
 <use WorstHold.png>
Package pdftex.def Info: WorstHold.png used on input line 1476.
(pdftex.def)             Requested size: 284.52756pt x 173.08917pt.
 [52 <./WorstSetup.png>] [53 <./WorstHold.png>]
<Array.png, id=282, 357.58594pt x 313.17pt>
File: Array.png Graphic file (type png)
 <use Array.png>
Package pdftex.def Info: Array.png used on input line 1526.
(pdftex.def)             Requested size: 170.71652pt x 149.5123pt.
 [54]
<SRAM.png, id=287, 359.84438pt x 229.2314pt>
File: SRAM.png Graphic file (type png)
 <use SRAM.png>
Package pdftex.def Info: SRAM.png used on input line 1546.
(pdftex.def)             Requested size: 113.81102pt x 72.50208pt.
 [55 <./Array.png>]
<SRAMRead.png, id=291, 679.78969pt x 239.01797pt>
File: SRAMRead.png Graphic file (type png)
 <use SRAMRead.png>
Package pdftex.def Info: SRAMRead.png used on input line 1560.
(pdftex.def)             Requested size: 312.9803pt x 110.04442pt.
 [56 <./SRAM.png> <./SRAMRead.png>] <SRAMWrite.png, id=295, 660.21657pt x 245.4
1687pt>
File: SRAMWrite.png Graphic file (type png)

<use SRAMWrite.png>
Package pdftex.def Info: SRAMWrite.png used on input line 1581.
(pdftex.def)             Requested size: 312.9803pt x 116.34578pt.
 <SRAMSize.png, id=296, 312.41719pt x 183.30984pt>
File: SRAMSize.png Graphic file (type png)

<use SRAMSize.png>
Package pdftex.def Info: SRAMSize.png used on input line 1600.
(pdftex.def)             Requested size: 170.71652pt x 100.16899pt.
 [57 <./SRAMWrite.png>]
<SRAMLayout.png, id=301, 535.2497pt x 325.96782pt>
File: SRAMLayout.png Graphic file (type png)
 <use SRAMLayout.png>
Package pdftex.def Info: SRAMLayout.png used on input line 1613.
(pdftex.def)             Requested size: 199.16928pt x 121.29259pt.

<SRAMTile.png, id=302, 200.24812pt x 269.88329pt>
File: SRAMTile.png Graphic file (type png)
 <use SRAMTile.png>
Package pdftex.def Info: SRAMTile.png used on input line 1624.
(pdftex.def)             Requested size: 85.35826pt x 115.04272pt.
 [58 <./SRAMSize.png> <./SRAMLayout.png>]
<SRAMLayout2.png, id=306, 414.79968pt x 178.41656pt>
File: SRAMLayout2.png Graphic file (type png)
 <use SRAMLayout2.png>
Package pdftex.def Info: SRAMLayout2.png used on input line 1635.
(pdftex.def)             Requested size: 142.26378pt x 61.19168pt.

<RowDecoder.png, id=307, 214.55156pt x 281.17548pt>
File: RowDecoder.png Graphic file (type png)
 <use RowDecoder.png>
Package pdftex.def Info: RowDecoder.png used on input line 1649.
(pdftex.def)             Requested size: 113.81102pt x 149.151pt.

[59 <./SRAMTile.png> <./SRAMLayout2.png>]
<RowDecoderPs.png, id=311, 235.2539pt x 264.61359pt>
File: RowDecoderPs.png Graphic file (type png)
 <use RowDecoderPs.png>
Package pdftex.def Info: RowDecoderPs.png used on input line 1660.
(pdftex.def)             Requested size: 170.71652pt x 192.02364pt.

<RowDecoder2.png, id=312, 552.56438pt x 374.90062pt>
File: RowDecoder2.png Graphic file (type png)
 <use RowDecoder2.png>
Package pdftex.def Info: RowDecoder2.png used on input line 1668.
(pdftex.def)             Requested size: 170.71652pt x 115.82327pt.

[60 <./RowDecoder.png> <./RowDecoderPs.png>] [61 <./RowDecoder2.png>]
<Sense.png, id=321, 411.41203pt x 264.61359pt>
File: Sense.png Graphic file (type png)
 <use Sense.png>
Package pdftex.def Info: Sense.png used on input line 1694.
(pdftex.def)             Requested size: 170.71652pt x 109.80048pt.

<Mux.png, id=322, 666.99188pt x 257.08546pt>
File: Mux.png Graphic file (type png)
 <use Mux.png>
Package pdftex.def Info: Mux.png used on input line 1710.
(pdftex.def)             Requested size: 284.52756pt x 109.6698pt.
 [62 <./Sense.png>]
<SRAMOver.png, id=326, 318.43968pt x 286.44516pt>
File: SRAMOver.png Graphic file (type png)
 <use SRAMOver.png>
Package pdftex.def Info: SRAMOver.png used on input line 1718.
(pdftex.def)             Requested size: 284.52756pt x 255.94066pt.
 [63 <./Mux.png> <./SRAMOver.png>] <DRAM.png, id=330, 982.79672pt x 432.49078pt
>
File: DRAM.png Graphic file (type png)

<use DRAM.png>
Package pdftex.def Info: DRAM.png used on input line 1731.
(pdftex.def)             Requested size: 258.62534pt x 113.81102pt.
 [64 <./DRAM.png>]
<Paradox.png, id=334, 704.6325pt x 225.84375pt>
File: Paradox.png Graphic file (type png)
 <use Paradox.png>
Package pdftex.def Info: Paradox.png used on input line 1755.
(pdftex.def)             Requested size: 221.92816pt x 71.13188pt.
 [65 <./Paradox.png>] [66] <NORROM.png, id=343, 925.95938pt x 248.42813pt>
File: NORROM.png Graphic file (type png)
 <use NORROM.png>
Package pdftex.def Info: NORROM.png used on input line 1804.
(pdftex.def)             Requested size: 371.18254pt x 99.58464pt.

Overfull \hbox (26.18254pt too wide) in paragraph at lines 1804--1805
 [][] 
 []

<NANDROM.png, id=344, 925.95938pt x 237.51234pt>
File: NANDROM.png Graphic file (type png)
 <use NANDROM.png>
Package pdftex.def Info: NANDROM.png used on input line 1819.
(pdftex.def)             Requested size: 388.23622pt x 99.58464pt.

Overfull \hbox (43.23622pt too wide) in paragraph at lines 1819--1820
 [][] 
 []

[67 <./NORROM.png>]
Overfull \hbox (0.86063pt too wide) in paragraph at lines 1836--1837
[]\OT1/cmr/m/n/10 This was im-proved upon with EEP-ROM (elec-tri-cally erasable
/programmable
 []

[68 <./NANDROM.png>] <FG.png, id=352, 520.19344pt x 161.10187pt>
File: FG.png Graphic file (type png)
 <use FG.png>
Package pdftex.def Info: FG.png used on input line 1847.
(pdftex.def)             Requested size: 321.56409pt x 99.58464pt.

Overfull \hbox (0.13713pt too wide) in paragraph at lines 1857--1858
[]\OT1/cmr/m/n/10 Technologies un-der ac-tive re-search are PRAM (phase-change 
RAM) at CMU,
 []

[69 <./FG.png>] <PLA.png, id=356, 1163.0953pt x 368.1253pt>
File: PLA.png Graphic file (type png)
 <use PLA.png>
Package pdftex.def Info: PLA.png used on input line 1865.
(pdftex.def)             Requested size: 359.57971pt x 113.81102pt.

Overfull \hbox (14.57971pt too wide) in paragraph at lines 1865--1866
 [][] 
 []

<NORNOR.png, id=357, 501.37312pt x 225.84375pt>
File: NORNOR.png Graphic file (type png)
 <use NORNOR.png>
Package pdftex.def Info: NORNOR.png used on input line 1875.
(pdftex.def)             Requested size: 252.66737pt x 113.81102pt.

<PLASchematic.png, id=358, 730.98094pt x 445.665pt>
File: PLASchematic.png Graphic file (type png)
 <use PLASchematic.png>
Package pdftex.def Info: PLASchematic.png used on input line 1884.
(pdftex.def)             Requested size: 280.00641pt x 170.71652pt.

[70 <./PLA.png> <./NORNOR.png>] [71 <./PLASchematic.png>]
<Power.png, id=366, 713.66624pt x 205.5178pt>
File: Power.png Graphic file (type png)
 <use Power.png>
Package pdftex.def Info: Power.png used on input line 1918.
(pdftex.def)             Requested size: 345.8119pt x 99.58464pt.

Overfull \hbox (0.8119pt too wide) in paragraph at lines 1918--1919
 [][] 
 []

[72 <./Power.png>] [73]
No file "ELEC 402 Notes".bbl.
<Table.png, id=374, 280.42265pt x 252.19218pt>
File: Table.png Graphic file (type png)
 <use Table.png>
Package pdftex.def Info: Table.png used on input line 1971.
(pdftex.def)             Requested size: 126.55273pt x 113.81102pt.
 [74

 <./Table.png>] [75] ("ELEC 402 Notes.aux")

LaTeX Warning: There were multiply-defined labels.

 ) 
Here is how much of TeX's memory you used:
 8202 strings out of 493335
 120340 string characters out of 3139228
 250472 words of memory out of 3000000
 11468 multiletter control sequences out of 15000+200000
 12995 words of font info for 46 fonts, out of 3000000 for 9000
 1141 hyphenation exceptions out of 8191
 46i,10n,40p,1952b,356s stack positions out of 5000i,500n,10000p,200000b,50000s
<C:/Program Files/MiKTeX 2.9/fonts/type1/public/amsfonts/cm/cmbx10.pfb><C:/Pr
ogram Files/MiKTeX 2.9/fonts/type1/public/amsfonts/cm/cmbx12.pfb><C:/Program Fi
les/MiKTeX 2.9/fonts/type1/public/amsfonts/cm/cmbx7.pfb><C:/Program Files/MiKTe
X 2.9/fonts/type1/public/amsfonts/cm/cmbx9.pfb><C:/Program Files/MiKTeX 2.9/fon
ts/type1/public/amsfonts/cm/cmex10.pfb><C:/Program Files/MiKTeX 2.9/fonts/type1
/public/amsfonts/cm/cmmi10.pfb><C:/Program Files/MiKTeX 2.9/fonts/type1/public/
amsfonts/cm/cmmi6.pfb><C:/Program Files/MiKTeX 2.9/fonts/type1/public/amsfonts/
cm/cmmi7.pfb><C:/Program Files/MiKTeX 2.9/fonts/type1/public/amsfonts/cm/cmmi9.
pfb><C:/Program Files/MiKTeX 2.9/fonts/type1/public/amsfonts/cm/cmr10.pfb><C:/P
rogram Files/MiKTeX 2.9/fonts/type1/public/amsfonts/cm/cmr12.pfb><C:/Program Fi
les/MiKTeX 2.9/fonts/type1/public/amsfonts/cm/cmr17.pfb><C:/Program Files/MiKTe
X 2.9/fonts/type1/public/amsfonts/cm/cmr6.pfb><C:/Program Files/MiKTeX 2.9/font
s/type1/public/amsfonts/cm/cmr7.pfb><C:/Program Files/MiKTeX 2.9/fonts/type1/pu
blic/amsfonts/cm/cmr9.pfb><C:/Program Files/MiKTeX 2.9/fonts/type1/public/amsfo
nts/cm/cmsy10.pfb><C:/Program Files/MiKTeX 2.9/fonts/type1/public/amsfonts/cm/c
msy7.pfb><C:/Program Files/MiKTeX 2.9/fonts/type1/public/amsfonts/cm/cmsy9.pfb>
<C:/Program Files/MiKTeX 2.9/fonts/type1/public/amsfonts/cm/cmti10.pfb><C:/Prog
ram Files/MiKTeX 2.9/fonts/type1/public/amsfonts/cm/cmti9.pfb>
Output written on "ELEC 402 Notes.pdf" (82 pages, 12843076 bytes).
PDF statistics:
 446 PDF objects out of 1000 (max. 8388607)
 0 named destinations out of 1000 (max. 500000)
 416 words of extra memory for PDF output out of 10000 (max. 10000000)

