\BOOKMARK [0][-]{chapter.1}{Intro From Statistics Department}{}% 1
\BOOKMARK [1][-]{section.1.1}{Probability}{chapter.1}% 2
\BOOKMARK [2][-]{subsection.1.1.1}{Some results to use}{section.1.1}% 3
\BOOKMARK [1][-]{section.1.2}{Conditional Probability}{chapter.1}% 4
\BOOKMARK [2][-]{subsection.1.2.1}{Screening Tests}{section.1.2}% 5
\BOOKMARK [2][-]{subsection.1.2.2}{Independence}{section.1.2}% 6
\BOOKMARK [2][-]{subsection.1.2.3}{Reliability}{section.1.2}% 7
\BOOKMARK [2][-]{subsection.1.2.4}{Conditional Independence}{section.1.2}% 8
\BOOKMARK [2][-]{subsection.1.2.5}{Sequential Bayes' Formula}{section.1.2}% 9
\BOOKMARK [1][-]{section.1.3}{Random Variables}{chapter.1}% 10
\BOOKMARK [2][-]{subsection.1.3.1}{Discrete Random Variables}{section.1.3}% 11
\BOOKMARK [2][-]{subsection.1.3.2}{Continuous Random Variables}{section.1.3}% 12
\BOOKMARK [2][-]{subsection.1.3.3}{Uniformly Distributed Random Variables}{section.1.3}% 13
\BOOKMARK [2][-]{subsection.1.3.4}{Exponential Random Variables}{section.1.3}% 14
\BOOKMARK [2][-]{subsection.1.3.5}{Normal Distribution}{section.1.3}% 15
\BOOKMARK [0][-]{chapter.2}{Stochastic Signals and Systems Applied to EE}{}% 16
\BOOKMARK [1][-]{section*.1}{Appendix}{chapter.2}% 17
\BOOKMARK [2][-]{subsection.2.0.1}{Tutorial 1 \(Lena\)}{chapter.2}% 18
\BOOKMARK [2][-]{subsection.2.0.2}{Tutorial 2 \(Yang\)}{chapter.2}% 19
\BOOKMARK [2][-]{subsection.2.0.3}{Tutorial 3 \(Lena\)}{chapter.2}% 20
\BOOKMARK [2][-]{subsection.2.0.4}{Midterm Review Session}{chapter.2}% 21
